0 info it worked if it ends with ok
1 verbose cli [ '/home/giorgio/.nvm/versions/node/v6.7.0/bin/node',
1 verbose cli   '/home/giorgio/.nvm/versions/node/v6.7.0/bin/npm',
1 verbose cli   'run',
1 verbose cli   'start' ]
2 info using npm@3.10.3
3 info using node@v6.7.0
4 verbose run-script [ 'prestart', 'start', 'poststart' ]
5 info lifecycle node-esm@1.0.0~prestart: node-esm@1.0.0
6 silly lifecycle node-esm@1.0.0~prestart: no script for prestart, continuing
7 info lifecycle node-esm@1.0.0~start: node-esm@1.0.0
8 verbose lifecycle node-esm@1.0.0~start: unsafe-perm in lifecycle true
9 verbose lifecycle node-esm@1.0.0~start: PATH: /home/giorgio/.nvm/versions/node/v6.7.0/lib/node_modules/npm/bin/node-gyp-bin:/home/giorgio/Desktop/projects/node-esm/node_modules/.bin:/home/giorgio/.nvm/versions/node/v6.7.0/bin:/home/giorgio/.nvm/versions/node/v6.7.0/bin:/usr/local/sbin:/usr/local/bin:/usr/sbin:/usr/bin:/sbin:/bin:/usr/games:/usr/local/games:/usr/lib/jvm/java-8-oracle/bin:/usr/lib/jvm/java-8-oracle/db/bin:/usr/lib/jvm/java-8-oracle/jre/bin
10 verbose lifecycle node-esm@1.0.0~start: CWD: /home/giorgio/Desktop/projects/node-esm
11 silly lifecycle node-esm@1.0.0~start: Args: [ '-c', 'node --experimental-modules src/index.js' ]
12 silly lifecycle node-esm@1.0.0~start: Returned: code: 9  signal: null
13 info lifecycle node-esm@1.0.0~start: Failed to exec start script
14 verbose stack Error: node-esm@1.0.0 start: `node --experimental-modules src/index.js`
14 verbose stack Exit status 9
14 verbose stack     at EventEmitter.<anonymous> (/home/giorgio/.nvm/versions/node/v6.7.0/lib/node_modules/npm/lib/utils/lifecycle.js:242:16)
14 verbose stack     at emitTwo (events.js:106:13)
14 verbose stack     at EventEmitter.emit (events.js:191:7)
14 verbose stack     at ChildProcess.<anonymous> (/home/giorgio/.nvm/versions/node/v6.7.0/lib/node_modules/npm/lib/utils/spawn.js:40:14)
14 verbose stack     at emitTwo (events.js:106:13)
14 verbose stack     at ChildProcess.emit (events.js:191:7)
14 verbose stack     at maybeClose (internal/child_process.js:877:16)
14 verbose stack     at Process.ChildProcess._handle.onexit (internal/child_process.js:226:5)
15 verbose pkgid node-esm@1.0.0
16 verbose cwd /home/giorgio/Desktop/projects/node-esm
17 error Linux 4.15.0-38-generic
18 error argv "/home/giorgio/.nvm/versions/node/v6.7.0/bin/node" "/home/giorgio/.nvm/versions/node/v6.7.0/bin/npm" "run" "start"
19 error node v6.7.0
20 error npm  v3.10.3
21 error code ELIFECYCLE
22 error node-esm@1.0.0 start: `node --experimental-modules src/index.js`
22 error Exit status 9
23 error Failed at the node-esm@1.0.0 start script 'node --experimental-modules src/index.js'.
23 error Make sure you have the latest version of node.js and npm installed.
23 error If you do, this is most likely a problem with the node-esm package,
23 error not with npm itself.
23 error Tell the author that this fails on your system:
23 error     node --experimental-modules src/index.js
23 error You can get information on how to open an issue for this project with:
23 error     npm bugs node-esm
23 error Or if that isn't available, you can get their info via:
23 error     npm owner ls node-esm
23 error There is likely additional logging output above.
24 verbose exit [ 1, true ]
